[debug] [2024-03-09T23:13:11.069Z] ----------------------------------------------------------------------
[debug] [2024-03-09T23:13:11.071Z] Command:       /usr/local/bin/node /usr/local/bin/firebase init hosting
[debug] [2024-03-09T23:13:11.072Z] CLI Version:   13.4.1
[debug] [2024-03-09T23:13:11.072Z] Platform:      linux
[debug] [2024-03-09T23:13:11.072Z] Node Version:  v20.11.1
[debug] [2024-03-09T23:13:11.072Z] Time:          Sat Mar 09 2024 20:13:11 GMT-0300 (Brasilia Standard Time)
[debug] [2024-03-09T23:13:11.072Z] ----------------------------------------------------------------------
[debug] 
[debug] [2024-03-09T23:13:11.143Z] > command requires scopes: ["email","openid","https://www.googleapis.com/auth/cloudplatformprojects.readonly","https://www.googleapis.com/auth/firebase","https://www.googleapis.com/auth/cloud-platform"]
[debug] [2024-03-09T23:13:11.144Z] > authorizing via signed-in user (rafaeleliasgri@gmail.com)
[info] 
     ######## #### ########  ######## ########     ###     ######  ########
     ##        ##  ##     ## ##       ##     ##  ##   ##  ##       ##
     ######    ##  ########  ######   ########  #########  ######  ######
     ##        ##  ##    ##  ##       ##     ## ##     ##       ## ##
     ##       #### ##     ## ######## ########  ##     ##  ######  ########

You're about to initialize a Firebase project in this directory:

  /home/rafaeleg/ANGULAR/pagina-pessoal

Before we get started, keep in mind:

  * You are initializing within an existing Firebase project directory

[info] 
=== Project Setup
[info] 
[info] First, let's associate this project directory with a Firebase project.
[info] You can create multiple project aliases by running firebase use --add, 
[info] but for now we'll just set up a default project.
[info] 
[debug] [2024-03-09T23:13:11.148Z] Using project from CLI flag: portfolio-rafael
[debug] [2024-03-09T23:13:11.150Z] >>> [apiv2][query] GET https://firebase.googleapis.com/v1beta1/projects/portfolio-rafael [none]
[debug] [2024-03-09T23:13:11.675Z] <<< [apiv2][status] GET https://firebase.googleapis.com/v1beta1/projects/portfolio-rafael 200
[debug] [2024-03-09T23:13:11.675Z] <<< [apiv2][body] GET https://firebase.googleapis.com/v1beta1/projects/portfolio-rafael {"projectId":"portfolio-rafael","projectNumber":"1065590355057","displayName":"Portfolio Rafael","name":"projects/portfolio-rafael","resources":{"hostingSite":"portfolio-rafael"},"state":"ACTIVE","etag":"1_caa0315d-6e27-413e-b0f0-d504ebbac4c1"}
[info] i  Using project portfolio-rafael (Portfolio Rafael) 
[info] 
=== Hosting Setup
[debug] [2024-03-09T23:13:11.685Z] >>> [apiv2][query] GET https://firebase.googleapis.com/v1beta1/projects/portfolio-rafael [none]
[debug] [2024-03-09T23:13:12.021Z] <<< [apiv2][status] GET https://firebase.googleapis.com/v1beta1/projects/portfolio-rafael 200
[debug] [2024-03-09T23:13:12.021Z] <<< [apiv2][body] GET https://firebase.googleapis.com/v1beta1/projects/portfolio-rafael {"projectId":"portfolio-rafael","projectNumber":"1065590355057","displayName":"Portfolio Rafael","name":"projects/portfolio-rafael","resources":{"hostingSite":"portfolio-rafael"},"state":"ACTIVE","etag":"1_caa0315d-6e27-413e-b0f0-d504ebbac4c1"}
[info] 
[info] Your public directory is the folder (relative to your project directory) that
[info] will contain Hosting assets to be uploaded with firebase deploy. If you
[info] have a build process for your assets, use your build's output directory.
[info] 
